<?xml version="1.0" encoding="UTF-8"?>
<testng-results ignored="0" total="1" passed="1" failed="0" skipped="0">
  <reporter-output>
  </reporter-output>
  <suite started-at="2022-06-22T12:00:40 IST" name="Suite" finished-at="2022-06-22T12:00:54 IST" duration-ms="14144">
    <groups>
    </groups>
    <test started-at="2022-06-22T12:00:40 IST" name="Test" finished-at="2022-06-22T12:00:54 IST" duration-ms="14144">
      <class name="Tests.MedicineTest">
        <test-method is-config="true" signature="setUp(java.lang.String)[pri:0, instance:Tests.MedicineTest@443118b0]" started-at="2022-06-22T12:00:40 IST" name="setUp" finished-at="2022-06-22T12:00:46 IST" duration-ms="6568" status="PASS">
          <params>
            <param index="0">
              <value>
                <![CDATA[chrome]]>
              </value>
            </param>
          </params>
          <reporter-output>
          </reporter-output>
        </test-method> <!-- setUp -->
        <test-method signature="clickOn_bynowTest()[pri:1, instance:Tests.MedicineTest@443118b0]" started-at="2022-06-22T12:00:46 IST" name="clickOn_bynowTest" finished-at="2022-06-22T12:00:53 IST" duration-ms="6631" status="PASS">
          <reporter-output>
          </reporter-output>
        </test-method> <!-- clickOn_bynowTest -->
        <test-method is-config="true" signature="tearDown()[pri:0, instance:Tests.MedicineTest@443118b0]" started-at="2022-06-22T12:00:53 IST" name="tearDown" finished-at="2022-06-22T12:00:54 IST" duration-ms="861" status="PASS">
          <reporter-output>
          </reporter-output>
        </test-method> <!-- tearDown -->
      </class> <!-- Tests.MedicineTest -->
    </test> <!-- Test -->
  </suite> <!-- Suite -->
</testng-results>
